Dict{AbstractString,Any}("hidden"=>400,"lr"=>0.5,"dense"=>false,"dictfile"=>nothing,"batchsize"=>100,"winit"=>"Uniform(-0.08,0.08)","fast"=>false,"gclip"=>5.0,"gcheck"=>0,"fbias"=>0.0,"nosharing"=>false,"epochs"=>100,"ftype"=>"Float32","lossreport"=>0,"seed"=>42,"datafiles"=>Any["Input.txt"])
epoch  secs    ptrain  ptest.. wnorm  gnorm
1      95.0905 10.5145 0.795037 629.312 111.72 
2      184.423 7.9755 0.613131 638.323 111.875 
3      273.565 5.79043 0.431437 646.255 213.736 
4      363.169 4.35897 0.323724 651.638 168.706 
5      452.768 3.64034 0.233499 655.688 193.853 
6      542.213 3.24204 0.2145 659.152 229.782 
7      632.119 2.98994 0.177433 662.024 204.036 
8      721.761 2.78826 0.169224 664.562 264.007 
9      811.302 2.63632 0.158595 666.833 210.251 
10     887.942 2.52437 0.146602 668.903 261.079 
11     934.985 2.42248 0.14786 670.648 226.751 
12     982.037 2.32814 0.141295 672.38 251.933 
13     1029.09 2.25371 0.133159 673.999 231.319 
14     1076.14 2.19643 0.137342 675.413 267.413 
15     1123.07 2.11766 0.129839 676.913 261.204 
16     1169.97 2.06679 0.134109 678.221 261.839 
17     1217.03 2.00879 0.122466 679.586 252.502 
18     1263.97 1.96534 0.133563 680.822 245.905 
19     1310.89 1.91575 0.130854 682.066 300.984 
20     1357.86 1.88136 0.126511 683.257 280.123 
21     1404.77 1.84656 0.125689 684.389 287.625 
22     1451.72 1.80257 0.129417 685.51 304.583 
23     1498.62 1.77818 0.125257 686.564 276.828 
24     1545.56 1.74707 0.110859 687.663 293.808 
25     1592.48 1.722  0.119711 688.707 282.601 
26     1639.4 1.69779 0.118425 689.774 317.819 
27     1686.35 1.66668 0.108783 690.828 307.069 
28     1733.27 1.63907 0.109949 691.828 329.185 
29     1780.22 1.61691 0.121579 692.86 285.618 
30     1827.16 1.60284 0.124164 693.798 314.35 
31     1874.12 1.57676 0.110216 694.828 359.225 
32     1921.07 1.56406 0.0999403 695.778 361.182 
33     1968.01 1.53876 0.107066 696.768 306.684 
34     2014.95 1.5341 0.111745 697.666 383.319 
35     2061.89 1.51501 0.117778 698.599 320.679 
36     2108.82 1.49914 0.100973 699.518 342.919 
37     2155.74 1.48712 0.112787 700.413 325.128 
38     2202.68 1.46731 0.0789669 701.347 371.806 
39     2249.58 1.45076 0.0745638 702.234 333.848 
40     2296.51 1.44386 0.0742057 703.135 434.922 
41     2343.44 1.43126 0.085932 703.999 350.244 
42     2390.35 1.41824 0.0810836 704.817 400.505 
43     2437.29 1.40786 0.0863866 705.68 380.904 
44     2484.22 1.40165 0.0552617 706.501 342.985 
45     2531.24 1.39381 0.0532645 707.349 379.878 
46     2578.28 1.37731 0.058168 708.205 440.223 
47     2625.49 1.366  0.0451699 709.028 435.944 
48     2672.61 1.35645 0.0503857 709.831 390.608 
49     2719.52 1.349  0.053168 710.63 433.984 
50     2766.57 1.34075 0.0417952 711.406 369.447 
51     2813.63 1.33147 0.0260973 712.233 509.497 
52     2860.69 1.32636 0.0453535 712.981 371.737 
53     2907.76 1.31332 0.0398577 713.751 377.634 
54     2954.95 1.30718 0.0219972 714.501 366.506 
55     3001.91 1.30125 0.0273967 715.233 395.185 
56     3048.86 1.29796 0.0169467 715.993 379.473 
57     3095.83 1.28213 0.0285721 716.709 343.174 
58     3142.79 1.28247 0.0237006 717.446 391.828 
59     3189.93 1.27083 0.0115197 718.176 436.228 
60     3237.11 1.26511 0.0168503 718.911 454.463 
61     3284.28 1.26159 0.0114692 719.584 396.91 
62     3331.24 1.2516 0.00928375 720.31 388.142 
63     3378.25 1.24846 0.00950872 721.008 402.477 
64     3425.22 1.24209 0.0126997 721.682 537.613 
65     3472.23 1.23392 0.0123691 722.387 441.768 
66     3519.29 1.23132 0.00742883 723.067 405.942 
67     3566.45 1.22685 0.00719008 723.759 378.83 
68     3613.43 1.22415 0.0107117 724.417 479.222 
69     3660.51 1.21784 0.0114279 725.088 467.7  
70     3707.61 1.21396 0.00552801 725.738 455.069 
71     3754.8 1.20596 0.00617998 726.398 381.955 
72     3801.81 1.20297 0.00734619 727.052 488.783 
73     3848.79 1.19803 0.00938017 727.687 405.139 
74     3895.8 1.1954 0.00640037 728.326 463.798 
75     3942.8 1.19174 0.00505051 728.929 421.4  
76     3989.82 1.18749 0.00596878 729.56 447.169 
77     4037.04 1.18171 0.00678145 730.17 459.77 
78     4084.11 1.17917 0.00488981 730.8  398.273 
79     4131.12 1.17356 0.0065978 731.376 486.872 
80     4178.3 1.17408 0.00597337 731.989 454.504 
81     4225.47 1.16336 0.00736915 732.566 404.534 
82     4272.47 1.16379 0.00582185 733.196 427.299 
83     4319.56 1.16164 0.00668044 733.763 434.358 
84     4366.57 1.15866 0.00634986 734.342 410.967 
85     4413.58 1.15365 0.00735537 734.927 406.507 
86     4460.75 1.15205 0.00583563 735.484 392.374 
87     4507.78 1.14668 0.00552801 736.073 420.083 
88     4554.75 1.14719 0.00768595 736.604 475.36 
89     4601.77 1.14186 0.0073921 737.16 380.315 
90     4648.8 1.13776 0.00713499 737.727 469.143 
91     4695.83 1.13489 0.0062764 738.259 494.822 
92     4742.86 1.13467 0.00702938 738.819 433.97 
93     4789.9 1.13278 0.00758035 739.373 458.381 
94     4837.07 1.13302 0.00593664 739.919 442.377 
95     4884.24 1.12758 0.00720386 740.472 421.785 
96     4931.32 1.12786 0.00692378 741.001 404.161 
97     4978.38 1.1248 0.00736915 741.589 424.544 
98     5025.44 1.1192 0.00722681 742.121 397.426 
99     5072.5 1.12148 0.00655188 742.654 407.874 
100    5119.57 1.11542 0.0068641 743.2  456.885 
