1      32.0486 2.34838 0.78225 620.623 42.6532 
2      119.841 2.24592 0.8085 621.737 26.5162 
3      148.776 2.188  0.77375 622.588 17.7662 
4      167.09 2.11861 0.782667 623.697 13.4711 
5      184.784 2.10011 0.751333 624.253 14.5136 
6      202.203 2.06794 0.74775 624.946 12.0379 
7      219.87 2.04367 0.779333 625.816 10.8046 
8      238.58 2.03511 0.736667 626.525 11.899 
9      256.527 2.01437 0.7415 627.207 10.4408 
10     274.066 2.00398 0.741667 627.786 10.3352 
11     291.546 1.99047 0.73475 628.326 10.8474 
12     309.12 1.98042 0.737667 628.793 11.2034 
13     327.668 1.9688 0.731583 629.277 11.4583 
14     345.941 1.9612 0.726083 629.693 11.453 
15     368.632 1.95266 0.722333 630.087 11.4938 
16     388.389 1.94299 0.712167 630.48 13.3344 
17     408.609 1.92955 0.7015 630.9  15.6626 
18     427.56 1.91076 0.701667 631.301 18.3503 
19     446.441 1.899  0.703583 631.653 16.3684 
20     465.572 1.89072 0.694583 631.972 19.0876 
21     483.778 1.8787 0.687333 632.331 15.2988 
22     501.418 1.86044 0.682417 632.8  18.8875 
23     520.49 1.84469 0.675917 633.193 15.7991 
24     552.283 1.82514 0.67   633.674 18.9263 
25     574.625 1.80341 0.665583 634.044 18.3872 
26     596.336 1.78616 0.658167 634.432 21.1703 
27     614.829 1.75695 0.638583 634.938 18.9132 
28     638.992 1.74424 0.644667 635.297 25.2465 
29     667.448 1.72132 0.635583 635.744 24.5026 
30     687.353 1.7057 0.634417 636.168 29.038 
31     708.012 1.68486 0.61725 636.574 27.3388 
32     727.191 1.66838 0.623167 636.929 39.146 
33     747.182 1.65263 0.616583 637.278 39.6915 
34     767.51 1.63196 0.600833 637.655 32.2451 
